<?xml version="1.0" encoding="UTF-8"?>
<!-- Generated by org.testng.reporters.JUnitReportReporter -->
<testsuite hostname="ULTIMUS" failures="0" tests="1" name="com.automation.test.ValidationTest" time="8.516" errors="0" timestamp="2025-07-05T21:21:09 IST" skipped="0">
  <testcase classname="com.automation.test.ValidationTest" name="registrationWithMissingField" time="8.516"/>
</testsuite> <!-- com.automation.test.ValidationTest -->
