<?xml version="1.0" encoding="UTF-8"?>
<!-- Generated by org.testng.reporters.JUnitReportReporter -->
<testsuite hostname="ULTIMUS" failures="0" tests="1" name="com.automation.test.CartTest" time="7.935" errors="0" timestamp="2025-07-05T21:21:09 IST" skipped="0">
  <testcase classname="com.automation.test.CartTest" name="product" time="7.935"/>
</testsuite> <!-- com.automation.test.CartTest -->
